@0000000000000000
0E20000000000000000000000000E007
00030007BAC8002A270F000A00700000
0000064600055460AE8598840D0D0BAD
00000000000000000000000000000000
041E0000000000000000000000000000
64010000000000000000000000006200
00006E02000000000000000000000000
00000000128700000000000000000000
000000000000167C0000000000000000
00000000000000001243000000000000
00000000000000000000124100000000
000000000000000000000000720F0000
64040000000000000000000000006203
00005C42000000000000000000000000
000000005BAA00000000000000000000
0000000000007A100000000000000000
00000000000000006E05000000000000
000000000000000000009FFF00000000
0000000000000000000000007E110000
D4640000000000000000000000006209
0000D652000000000000000000000000
00000000D4A100000000000000000000
000000000000D6D10000000000000000
00000000000000001483000000000000
0000000000000000000014A100000000
000000000000000000000000D8730000
DA76000000000000000000000000620A
00007412000000000000000000000000
00000000781300000000000000000000
0000000000007A140000000000000000
0000000000000000E329000000000000
00000000000000000000721600000000
0000000000000000000000001B6D0000
6207000000000000000000000000BA16
00006406000000000000000000000000
0000000056E000000000000000000000
00000000000014A50000000000000000
0000000000000000127F000000000000
0000000000000000000003F100000000
00000000000000000000000012670000
03F100000000000000000000000014BA
000005D5000000000000000000000000
00000000080D00000000000000000000
000000000000640D0000000000000000
00000000000000001481000000000000
00000000000000000000741600000000
0000000000000000000000006C000000
7C1700000000000000000000000049B0
00005B6D000000000000000000000000
00000000E61400000000000000000000
000000000000C0C00000000000000000
00000000000000006A08000000000000
000000000000000000007A1800000000
0000000000000000000000006A080000
7A19000000000000000000000000F027
00005260000000000000000000000000
00000000126800000000000000000000
00000000000012690000000000000000
00000000000000002416000000000000
00000000000000000000265600000000
00000000000000000000000018C20000
14AB000000000000000000000000781A
000016FE000000000000000000000000
00000000E20D00000000000000000000
0000000000000E340000000000000000
6A0B0000000000000646000000000000
00009B7F000000000000000000000000
00000000C1C000000000000000000000
000000000000660C0000000000000000
00000000000000001243000000000000
00000000000000000000C1C000000000
00000000000000000000000034430000
68410000000000000000000000003642
0000781A000000000000000000000000
00000000E7B500000000000000000000
000000000000761D0000000000000000
0000000000000000A61D000000000000
00000000000000000000761C00000000
000000000000000000000000E81B0000
14A30000000000000000000000006500
00005260000000000000000000000000
00000000126C00000000000000000000
000000000000721E0000000000000000
00000000000000001221000000000000
00000000000000000000664B00000000
000000000000000000000000ED610000
620B0000000000000000000000007781
00000678000000000000000000000000
00000000620800000000000000000000
000000000000E5570000000000000000
00000000000000004080000000000000
00000000000000000000738200000000
00000000000000000000000012220000
040D0000000000000000000000005DA0
00001241000000000000000000000000
00000000ED0D00000000000000000000
00000000000073830000000000000000
7A021A4264016200E019000000000000
178366026C0374037A0214821B457403
00000FFF19C69D3F9F3F58C2520214C3
000070CF000900000000000000000000
0000000000000000000000009DFF0000
6208000000000000000000000000C1C0
00002206000000000000000000000000
00000000240800000000000000000000
00000000000066060000000000000000
00000000000000006800000000000000
00000000
