@0000000000000000
0E27000000000000000000000000E00D
00700000000000000000000000000000
0D0D0BAD00030007BAC8002A270F000A
000000000000064600055460AE859884
00000000000000000000000000000000
62000878042C00000000000000000000
00006401000000000000000000000000
000000006E0200000000000000000000
00000000000012870000000000000000
0000000000000000167C000000000000
00000000000000000000124300000000
00000000000000000000000012410000
6203000000000000000000000000720F
00006404000000000000000000000000
000000005C4200000000000000000000
0000000000005BAA0000000000000000
00000000000000007A10000000000000
000000000000000000006E0500000000
0000000000000000000000009FFF0000
62090000000000000000000000007E11
0000D464000000000000000000000000
00000000D65200000000000000000000
000000000000D4A10000000000000000
0000000000000000D6D1000000000000
00000000000000000000148300000000
00000000000000000000000014A10000
620A000000000000000000000000D873
0000DA76000000000000000000000000
00000000741200000000000000000000
00000000000078130000000000000000
00000000000000007A14000000000000
00000000000000000000E32800000000
00000000000000000000000072160000
BA160000000000000000000000001B6D
00006207000000000000000000000000
00000000640600000000000000000000
00000000000056E00000000000000000
000000000000000014A5000000000000
00000000000000000000127F00000000
00000000000000000000000003F10000
14BA0000000000000000000000001267
000003F1000000000000000000000000
0000000005D500000000000000000000
000000000000080D0000000000000000
0000000000000000640D000000000000
00000000000000000000148100000000
00000000000000000000000074160000
4A820000000000000000000000006C00
00007C17000000000000000000000000
000000005B6D00000000000000000000
000000000000E6140000000000000000
0000000000000000C0C0000000000000
000000000000000000006A0800000000
0000000000000000000000007A180000
F02D0000000000000000000000006A08
00007A19000000000000000000000000
00000000526000000000000000000000
00000000000012680000000000000000
00000000000000001269000000000000
00000000000000000000241600000000
00000000000000000000000026560000
781A00000000000000000000000018C2
000014AB000000000000000000000000
0000000016FE00000000000000000000
000000000000E20D0000000000000000
00000000000000000E34000000000000
00006A0B000000000000064600000000
000000009B7F00000000000000000000
000000000000C1C00000000000000000
0000000000000000660C000000000000
00000000000000000000124300000000
000000000000000000000000C1C00000
36420000000000000000000000003443
00006841000000000000000000000000
00000000781B00000000000000000000
000000000000E7B50000000000000000
0000000000000000761D000000000000
00000000000000000000A61D00000000
000000000000000000000000761C0000
6500000000000000000000000000E81B
000014A3000000000000000000000000
00000000526000000000000000000000
000000000000126C0000000000000000
0000000000000000721E000000000000
00000000000000000000122100000000
000000000000000000000000664B0000
7781000000000000000000000000ED61
0000620B000000000000000000000000
00000000080D00000000000000000000
000000000000F02E0000000000000000
00000000000000006208000000000000
00000000000000000000E55000000000
00000000000000000000000040800000
12220000000000000000000000007382
00005DA0000000000000000000000000
00000000040D00000000000000000000
00000000000012410000000000000000
0000000000000000ED06000000000000
00000000000000000000738300000000
000000000000000000000000EADA0000
618F0000000000000000000000006D4C
48E00000000000000000000000006390
00006391000000000000000000000000
0000000048D200000000000000000000
00006393619271440000000000000000
0000000048C200000000000000000000
00000000000063940000000000000000
000000000000000048B4000000000000
00000000000063966195714500000000
000000000000000048A4000000000000
00000000000063986197714600000000
00000000000000004894000000000000
000000000000639A6199714700000000
00000000000000004884000000000000
000000000000639C619B714800000000
00000000000000004874000000000000
000000000000639E619D714900000000
00000000000000004864000000000000
00000000000000006D4D714A00000000
00000000000000006382618100000000
00000000000000000000484D00000000
00000000000000000000000063830000
714B000000000000000000000000483F
61C4000000000000000000000000EE1B
00006FCB6DCA6BC969C867C765C663C5
000000000FFF00000000000000000000
0000000070CF00090000000000000000
00000000000000000000000000000000
000000000000000000009DFF0424001C
000000000000000000000000C1C00000
94BF0000000000000000000000005401
000000000000000000000000927F903F
903F0000000000000000000000005001
00005002000000000000000000000000
00000000C1C000000000000000000000
00000000000062080000000000000000
00000000000000002206000000000000
00000000000000000000240800000000
00000000000000000000000066060000
0000000000000000000000006800
